f:\visual studio\code\project1\project1\x64\debug\10、sqbitree.obj
f:\visual studio\code\project1\project1\x64\debug\11、binode.obj
f:\visual studio\code\project1\project1\x64\debug\12、binode.obj
f:\visual studio\code\project1\project1\x64\debug\14、线索二叉树.obj
f:\visual studio\code\project1\project1\x64\debug\15、哈夫曼树（最优二叉树）.obj
f:\visual studio\code\project1\project1\x64\debug\16、amgraph.obj
f:\visual studio\code\project1\project1\x64\debug\17、test.obj
f:\visual studio\code\project1\project1\x64\debug\17、邻接表.obj
f:\visual studio\code\project1\project1\x64\debug\18、邻接表.obj
f:\visual studio\code\project1\project1\x64\debug\6、sqqueue.obj
f:\visual studio\code\project1\project1\x64\debug\7.1 邻接矩阵（无向+有向图、网）.obj
f:\visual studio\code\project1\project1\x64\debug\7.2 邻接表(bfs未遍历出来).obj
f:\visual studio\code\project1\project1\x64\debug\7.5 图的应用.obj
f:\visual studio\code\project1\project1\x64\debug\7、linkqueue.obj
f:\visual studio\code\project1\project1\x64\debug\7、sstring.obj
f:\visual studio\code\project1\project1\x64\debug\9、num.obj
f:\visual studio\code\project1\project1\x64\debug\application.obj
f:\visual studio\code\project1\project1\x64\debug\linklist.obj
f:\visual studio\code\project1\project1\x64\debug\linklist2.obj
f:\visual studio\code\project1\project1\x64\debug\linklist3.obj
f:\visual studio\code\project1\project1\x64\debug\linklist4.obj
f:\visual studio\code\project1\project1\x64\debug\linkstack.obj
f:\visual studio\code\project1\project1\x64\debug\queue.obj
f:\visual studio\code\project1\project1\x64\debug\sqstack.obj
f:\visual studio\code\project1\project1\x64\debug\test2.obj
f:\visual studio\code\project1\project1\x64\debug\12、binode.obj.enc
f:\visual studio\code\project1\project1\x64\debug\6、sqqueue.obj.enc
f:\visual studio\code\project1\project1\x64\debug\7.2 邻接表(bfs未遍历出来).obj.enc
f:\visual studio\code\project1\project1\x64\debug\7、linkqueue.obj.enc
f:\visual studio\code\project1\project1\x64\debug\7、sstring.obj.enc
f:\visual studio\code\project1\project1\x64\debug\project1.ilk
f:\visual studio\code\project1\project1\x64\debug\vc143.idb
f:\visual studio\code\project1\project1\x64\debug\vc143.pdb
